<?xml version="1.0" encoding="UTF-8"?>
<!-- Generated by org.testng.reporters.JUnitReportReporter -->
<testsuite hostname="LAPTOP-3V0BD8A6" name="cucumberRunner.TestRun" tests="2" failures="0" timestamp="3 Sep 2021 13:53:11 GMT" time="6.455" errors="0">
  <testcase name="runScenario" time="6.452" classname="cucumberRunner.TestRun"/>
  <testcase name="runScenario" time="0.003" classname="cucumberRunner.TestRun"/>
</testsuite> <!-- cucumberRunner.TestRun -->
