<?xml version="1.0" encoding="UTF-8"?>
<!-- Generated by org.testng.reporters.JUnitReportReporter -->
<testsuite hostname="LAPTOP-3V0BD8A6" name="cucumberRunner.TestRunner" tests="1" failures="0" timestamp="2 Sep 2021 13:45:09 GMT" time="0.016" errors="0">
  <testcase name="f" time="0.016" classname="cucumberRunner.TestRunner"/>
</testsuite> <!-- cucumberRunner.TestRunner -->
