<?xml version="1.0" encoding="UTF-8"?>
<!-- Generated by org.testng.reporters.JUnitReportReporter -->
<testsuite hostname="LAPTOP-3V0BD8A6" name="cucumberRunner.TestRun" tests="2" failures="0" timestamp="3 Sep 2021 13:36:35 GMT" time="7.156" errors="0">
  <testcase name="runScenario" time="0.006" classname="cucumberRunner.TestRun"/>
  <testcase name="runScenario" time="7.150" classname="cucumberRunner.TestRun"/>
</testsuite> <!-- cucumberRunner.TestRun -->
